<?xml version="1.0" encoding="UTF-8"?>
<!-- Generated by org.testng.reporters.JUnitXMLReporter -->
<testsuite ignored="0" hostname="DESKTOP-ROIRK3H" failures="0" tests="1" name="Test-1" time="144.922" errors="0" timestamp="2024-06-08T10:43:00 IST">
  <testcase classname="com.comcast.crm.contacttest.CreateContactTest" name="createContactTest" time="98.887"/>
</testsuite> <!-- Test-1 -->
