<?xml version="1.0" encoding="UTF-8"?>
<!-- Generated by org.testng.reporters.JUnitReportReporter -->
<testsuite hostname="DESKTOP-ROIRK3H" failures="0" tests="1" name="com.comcast.crm.contacttest.CreateContactTest" time="63.707" errors="0" timestamp="2024-06-11T17:59:56 IST" skipped="0">
  <testcase classname="com.comcast.crm.contacttest.CreateContactTest" name="createContactTest" time="63.707"/>
</testsuite> <!-- com.comcast.crm.contacttest.CreateContactTest -->
